<?xml version="1.0" encoding="UTF-8" ?>
<testsuite tests="5" failures="0" name="hellocucumber.RunCucumberTest" time="0.112" errors="0" skipped="2">
  <properties>
[...]
</properties>
  <testcase classname="Is it Friday yet?" name="Sunday isn&apos;t Friday" time="0.101">
    <skipped/>
    <system-out>
Scenario: Sunday isn&apos;t Friday       &amp;#27;[90m# hellocucumber/is_it_friday_yet.feature:4&amp;#27;[0m
  &amp;#27;[33mGiven &amp;#27;[0m&amp;#27;[33mtoday is Sunday&amp;#27;[0m             &amp;#27;[90m# null&amp;#27;[0m
  &amp;#27;[33mWhen &amp;#27;[0m&amp;#27;[33mI ask wether it&apos;s Friday yet&amp;#27;[0m &amp;#27;[90m# null&amp;#27;[0m
  &amp;#27;[36mThen &amp;#27;[0m&amp;#27;[36mI should be told &amp;#27;[0m&amp;#27;[36m&amp;#27;[1m&quot;Nope&quot;&amp;#27;[0m      &amp;#27;[90m# hellocucumber.StepDefinitions.i_should_be_told(java.lang.String)&amp;#27;[0m
</system-out>
    <system-err>abr 14, 2020 3:39:36 AM io.cucumber.junit.Cucumber &lt;init&gt;
WARNING: By default Cucumber is running in --non-strict mode.
This default will change to --strict and --non-strict will be removed.
You can use --strict or @CucumberOptions(strict = true) to suppress this warning
</system-err>
  </testcase>
  <testcase classname="Is it Friday yet?" name="Friday is Friday" time="0.003">
    <skipped/>
    <system-out>
Scenario: Friday is Friday           &amp;#27;[90m# hellocucumber/is_it_friday_yet.feature:9&amp;#27;[0m
  &amp;#27;[33mGiven &amp;#27;[0m&amp;#27;[33mtoday is Friday&amp;#27;[0m              &amp;#27;[90m# null&amp;#27;[0m
  &amp;#27;[36mWhen &amp;#27;[0m&amp;#27;[36mI ask whether it&apos;s Friday yet&amp;#27;[0m &amp;#27;[90m# hellocucumber.StepDefinitions.i_ask_whether_it_s_Friday_yet()&amp;#27;[0m
  &amp;#27;[36mThen &amp;#27;[0m&amp;#27;[36mI should be told &amp;#27;[0m&amp;#27;[36m&amp;#27;[1m&quot;TGIF&quot;&amp;#27;[0m       &amp;#27;[90m# hellocucumber.StepDefinitions.i_should_be_told(java.lang.String)&amp;#27;[0m
</system-out>
  </testcase>
  <testcase classname="Is it Friday yet?" name="Today is or is not Friday" time="0.004"/>
  <testcase classname="Is it Friday yet?" name="Today is or is not Friday" time="0.002"/>
  <testcase classname="Is it Friday yet?" name="Today is or is not Friday" time="0.002"/>
</testsuite>